\BOOKMARK [0][-]{chapter*.2}{List of Figures}{}% 1
\BOOKMARK [0][-]{chapter*.3}{List of Tables}{}% 2
\BOOKMARK [-1][-]{part.1}{Quantum Computation in Ion Traps}{}% 3
\BOOKMARK [0][-]{chapter.1}{Quantum Computation}{part.1}% 4
\BOOKMARK [1][-]{section.1.1}{Motivating Quantum Computing}{chapter.1}% 5
\BOOKMARK [1][-]{section.1.2}{The DiVincenzo Criteria}{chapter.1}% 6
\BOOKMARK [1][-]{section.1.3}{Qubits and Operators}{chapter.1}% 7
\BOOKMARK [0][-]{chapter.2}{Scalable Ion Trap Quantum Computation}{part.1}% 8
\BOOKMARK [1][-]{section.2.1}{MUSIQC Architecture}{chapter.2}% 9
\BOOKMARK [1][-]{section.2.2}{Remote Entanglement}{chapter.2}% 10
\BOOKMARK [1][-]{section.2.3}{Mixed Ion Species}{chapter.2}% 11
\BOOKMARK [-1][-]{part.2}{Trapping Barium and Ytterbium Ions}{}% 12
\BOOKMARK [0][-]{chapter.3}{Linear RF and Surface Traps}{part.2}% 13
\BOOKMARK [1][-]{section.3.1}{Linear RF Traps}{chapter.3}% 14
\BOOKMARK [1][-]{section.3.2}{Surface Traps}{chapter.3}% 15
\BOOKMARK [0][-]{chapter.4}{Working with Barium and Ytterbium}{part.2}% 16
\BOOKMARK [1][-]{section.4.1}{Ionization}{chapter.4}% 17
\BOOKMARK [1][-]{section.4.2}{Doppler Cooling}{chapter.4}% 18
\BOOKMARK [1][-]{section.4.3}{Initialization and Readout}{chapter.4}% 19
\BOOKMARK [-1][-]{part.3}{Measurements of Surface Traps and Mixed Species Ion Chains}{}% 20
\BOOKMARK [0][-]{chapter.5}{Surface Traps}{part.3}% 21
\BOOKMARK [1][-]{section.5.1}{Ion Dark Lifetime}{chapter.5}% 22
\BOOKMARK [1][-]{section.5.2}{Secular Frequencies and Stray Fields}{chapter.5}% 23
\BOOKMARK [0][-]{chapter.6}{Mixed Species Normal Modes}{part.3}% 24
\BOOKMARK [1][-]{section.6.1}{Single Ion Normal Modes}{chapter.6}% 25
\BOOKMARK [1][-]{section.6.2}{Mixed Species Ion Chains}{chapter.6}% 26
\BOOKMARK [1][-]{section.6.3}{Ion Species Reordering}{chapter.6}% 27
\BOOKMARK [0][-]{chapter.7}{Quantum Operations}{part.3}% 28
\BOOKMARK [1][-]{section.7.1}{Zeeman Transitions}{chapter.7}% 29
\BOOKMARK [1][-]{section.7.2}{Raman Transitions}{chapter.7}% 30
\BOOKMARK [1][-]{section.7.3}{Conclusions and Outlook}{chapter.7}% 31
