This is pdfTeX, Version 3.1415926-2.5-1.40.14 (MiKTeX 2.9) (preloaded format=pdflatex 2014.9.4)  27 MAY 2015 19:38
entering extended mode
**General.tex
(C:\ExperimentRelated\UW\General\General.tex
LaTeX2e <2011/06/27>
Babel <v3.8m> and hyphenation patterns for english, afrikaans, ancientgreek, ar
abic, armenian, assamese, basque, bengali, bokmal, bulgarian, catalan, coptic, 
croatian, czech, danish, dutch, esperanto, estonian, farsi, finnish, french, ga
lician, german, german-x-2013-05-26, greek, gujarati, hindi, hungarian, iceland
ic, indonesian, interlingua, irish, italian, kannada, kurmanji, latin, latvian,
 lithuanian, malayalam, marathi, mongolian, mongolianlmc, monogreek, ngerman, n
german-x-2013-05-26, nynorsk, oriya, panjabi, pinyin, polish, portuguese, roman
ian, russian, sanskrit, serbian, slovak, slovenian, spanish, swedish, swissgerm
an, tamil, telugu, turkish, turkmen, ukenglish, ukrainian, uppersorbian, usengl
ishmax, welsh, loaded.
("C:\Program Files\MiKTeX 2.9\tex\latex\beamer\base\beamer.cls"
("C:\Program Files\MiKTeX 2.9\tex\latex\beamer\base\beamerbasercs.sty"
Package: beamerbasercs 2013/12/25 (rcs-revision 31cc758a62ae)
)
Document Class: beamer 2013/12/02 3.33 A class for typesetting presentations (r
cs-revision 332bfd3ce558)
("C:\Program Files\MiKTeX 2.9\tex\latex\beamer\base\beamerbasemodes.sty"
Package: beamerbasemodes 2013/09/03 (rcs-revision 768f2d98ca64)
\beamer@tempbox=\box26
\beamer@tempcount=\count79
\c@beamerpauses=\count80

("C:\Program Files\MiKTeX 2.9\tex\latex\beamer\base\beamerbasedecode.sty"
Package: beamerbasedecode 2010/05/01 (rcs-revision efa082c6111d)
\beamer@slideinframe=\count81
\beamer@minimum=\count82
)
\beamer@commentbox=\box27
\beamer@modecount=\count83
)
("C:\Program Files\MiKTeX 2.9\tex\generic\oberdiek\ifpdf.sty"
Package: ifpdf 2011/01/30 v2.3 Provides the ifpdf switch (HO)
Package ifpdf Info: pdfTeX in PDF mode is detected.
)
\headheight=\dimen102
\headdp=\dimen103
\footheight=\dimen104
\sidebarheight=\dimen105
\beamer@tempdim=\dimen106
\beamer@finalheight=\dimen107
\beamer@animht=\dimen108
\beamer@animdp=\dimen109
\beamer@animwd=\dimen110
\beamer@leftmargin=\dimen111
\beamer@rightmargin=\dimen112
\beamer@leftsidebar=\dimen113
\beamer@rightsidebar=\dimen114
\beamer@boxsize=\dimen115
\beamer@vboxoffset=\dimen116
\beamer@descdefault=\dimen117
\beamer@descriptionwidth=\dimen118
\beamer@lastskip=\skip41
\beamer@areabox=\box28
\beamer@animcurrent=\box29
\beamer@animshowbox=\box30
\beamer@sectionbox=\box31
\beamer@logobox=\box32
\beamer@linebox=\box33
\beamer@sectioncount=\count84
\beamer@subsubsectionmax=\count85
\beamer@subsectionmax=\count86
\beamer@sectionmax=\count87
\beamer@totalheads=\count88
\beamer@headcounter=\count89
\beamer@partstartpage=\count90
\beamer@sectionstartpage=\count91
\beamer@subsectionstartpage=\count92
\beamer@animationtempa=\count93
\beamer@animationtempb=\count94
\beamer@xpos=\count95
\beamer@ypos=\count96
\beamer@showpartnumber=\count97
\beamer@currentsubsection=\count98
\beamer@coveringdepth=\count99
\beamer@sectionadjust=\count100
\beamer@tocsectionnumber=\count101

("C:\Program Files\MiKTeX 2.9\tex\latex\beamer\base\beamerbaseoptions.sty"
Package: beamerbaseoptions 2013/03/10 (rcs-revision 47431932db0d)

("C:\Program Files\MiKTeX 2.9\tex\latex\graphics\keyval.sty"
Package: keyval 1999/03/16 v1.13 key=value parser (DPC)
\KV@toks@=\toks14
))
\beamer@paperwidth=\skip42
\beamer@paperheight=\skip43

("C:\Program Files\MiKTeX 2.9\tex\latex\geometry\geometry.sty"
Package: geometry 2010/09/12 v5.6 Page Geometry

("C:\Program Files\MiKTeX 2.9\tex\generic\oberdiek\ifvtex.sty"
Package: ifvtex 2010/03/01 v1.5 Detect VTeX and its facilities (HO)
Package ifvtex Info: VTeX not detected.
)
("C:\Program Files\MiKTeX 2.9\tex\generic\ifxetex\ifxetex.sty"
Package: ifxetex 2010/09/12 v0.6 Provides ifxetex conditional
)
\Gm@cnth=\count102
\Gm@cntv=\count103
\c@Gm@tempcnt=\count104
\Gm@bindingoffset=\dimen119
\Gm@wd@mp=\dimen120
\Gm@odd@mp=\dimen121
\Gm@even@mp=\dimen122
\Gm@layoutwidth=\dimen123
\Gm@layoutheight=\dimen124
\Gm@layouthoffset=\dimen125
\Gm@layoutvoffset=\dimen126
\Gm@dimlist=\toks15

("C:\Program Files\MiKTeX 2.9\tex\latex\geometry\geometry.cfg"))
("C:\Program Files\MiKTeX 2.9\tex\latex\base\size11.clo"
File: size11.clo 2007/10/19 v1.4h Standard LaTeX file (size option)
)
("C:\Program Files\MiKTeX 2.9\tex\latex\pgf\basiclayer\pgfcore.sty"
("C:\Program Files\MiKTeX 2.9\tex\latex\graphics\graphicx.sty"
Package: graphicx 1999/02/16 v1.0f Enhanced LaTeX Graphics (DPC,SPQR)

("C:\Program Files\MiKTeX 2.9\tex\latex\graphics\graphics.sty"
Package: graphics 2009/02/05 v1.0o Standard LaTeX Graphics (DPC,SPQR)

("C:\Program Files\MiKTeX 2.9\tex\latex\graphics\trig.sty"
Package: trig 1999/03/16 v1.09 sin cos tan (DPC)
)
("C:\Program Files\MiKTeX 2.9\tex\latex\00miktex\graphics.cfg"
File: graphics.cfg 2007/01/18 v1.5 graphics configuration of teTeX/TeXLive
)
Package graphics Info: Driver file: pdftex.def on input line 91.

("C:\Program Files\MiKTeX 2.9\tex\latex\pdftex-def\pdftex.def"
File: pdftex.def 2011/05/27 v0.06d Graphics/color for pdfTeX

("C:\Program Files\MiKTeX 2.9\tex\generic\oberdiek\infwarerr.sty"
Package: infwarerr 2010/04/08 v1.3 Providing info/warning/error messages (HO)
)
("C:\Program Files\MiKTeX 2.9\tex\generic\oberdiek\ltxcmds.sty"
Package: ltxcmds 2011/11/09 v1.22 LaTeX kernel commands for general use (HO)
)
\Gread@gobject=\count105
))
\Gin@req@height=\dimen127
\Gin@req@width=\dimen128
)
("C:\Program Files\MiKTeX 2.9\tex\latex\pgf\systemlayer\pgfsys.sty"
("C:\Program Files\MiKTeX 2.9\tex\latex\pgf\utilities\pgfrcs.sty"
("C:\Program Files\MiKTeX 2.9\tex\generic\pgf\utilities\pgfutil-common.tex"
\pgfutil@everybye=\toks16
\pgfutil@tempdima=\dimen129
\pgfutil@tempdimb=\dimen130

("C:\Program Files\MiKTeX 2.9\tex\generic\pgf\utilities\pgfutil-common-lists.te
x")) ("C:\Program Files\MiKTeX 2.9\tex\generic\pgf\utilities\pgfutil-latex.def"
\pgfutil@abb=\box34
("C:\Program Files\MiKTeX 2.9\tex\latex\ms\everyshi.sty"
Package: everyshi 2001/05/15 v3.00 EveryShipout Package (MS)
))
("C:\Program Files\MiKTeX 2.9\tex\generic\pgf\utilities\pgfrcs.code.tex"
Package: pgfrcs 2013/12/20 v3.0.0 (rcs-revision 1.28)
))
("C:\Program Files\MiKTeX 2.9\tex\generic\pgf\systemlayer\pgfsys.code.tex"
Package: pgfsys 2013/11/30 v3.0.0 (rcs-revision 1.47)

("C:\Program Files\MiKTeX 2.9\tex\generic\pgf\utilities\pgfkeys.code.tex"
\pgfkeys@pathtoks=\toks17
\pgfkeys@temptoks=\toks18

("C:\Program Files\MiKTeX 2.9\tex\generic\pgf\utilities\pgfkeysfiltered.code.te
x"
\pgfkeys@tmptoks=\toks19
))
\pgf@x=\dimen131
\pgf@y=\dimen132
\pgf@xa=\dimen133
\pgf@ya=\dimen134
\pgf@xb=\dimen135
\pgf@yb=\dimen136
\pgf@xc=\dimen137
\pgf@yc=\dimen138
\w@pgf@writea=\write3
\r@pgf@reada=\read1
\c@pgf@counta=\count106
\c@pgf@countb=\count107
\c@pgf@countc=\count108
\c@pgf@countd=\count109
\t@pgf@toka=\toks20
\t@pgf@tokb=\toks21
\t@pgf@tokc=\toks22
 ("C:\Program Files\MiKTeX 2.9\tex\generic\pgf\systemlayer\pgf.cfg"
File: pgf.cfg 2008/05/14  (rcs-revision 1.7)
)
Driver file for pgf: pgfsys-pdftex.def

("C:\Program Files\MiKTeX 2.9\tex\generic\pgf\systemlayer\pgfsys-pdftex.def"
File: pgfsys-pdftex.def 2013/07/18  (rcs-revision 1.33)

("C:\Program Files\MiKTeX 2.9\tex\generic\pgf\systemlayer\pgfsys-common-pdf.def
"
File: pgfsys-common-pdf.def 2013/10/10  (rcs-revision 1.13)
)))
("C:\Program Files\MiKTeX 2.9\tex\generic\pgf\systemlayer\pgfsyssoftpath.code.t
ex"
File: pgfsyssoftpath.code.tex 2013/09/09  (rcs-revision 1.9)
\pgfsyssoftpath@smallbuffer@items=\count110
\pgfsyssoftpath@bigbuffer@items=\count111
)
("C:\Program Files\MiKTeX 2.9\tex\generic\pgf\systemlayer\pgfsysprotocol.code.t
ex"
File: pgfsysprotocol.code.tex 2006/10/16  (rcs-revision 1.4)
)) ("C:\Program Files\MiKTeX 2.9\tex\latex\xcolor\xcolor.sty"
Package: xcolor 2007/01/21 v2.11 LaTeX color extensions (UK)

("C:\Program Files\MiKTeX 2.9\tex\latex\00miktex\color.cfg"
File: color.cfg 2007/01/18 v1.5 color configuration of teTeX/TeXLive
)
Package xcolor Info: Driver file: pdftex.def on input line 225.
Package xcolor Info: Model `cmy' substituted by `cmy0' on input line 1337.
Package xcolor Info: Model `hsb' substituted by `rgb' on input line 1341.
Package xcolor Info: Model `RGB' extended on input line 1353.
Package xcolor Info: Model `HTML' substituted by `rgb' on input line 1355.
Package xcolor Info: Model `Hsb' substituted by `hsb' on input line 1356.
Package xcolor Info: Model `tHsb' substituted by `hsb' on input line 1357.
Package xcolor Info: Model `HSB' substituted by `hsb' on input line 1358.
Package xcolor Info: Model `Gray' substituted by `gray' on input line 1359.
Package xcolor Info: Model `wave' substituted by `hsb' on input line 1360.
)
("C:\Program Files\MiKTeX 2.9\tex\generic\pgf\basiclayer\pgfcore.code.tex"
Package: pgfcore 2010/04/11 v3.0.0 (rcs-revision 1.7)

("C:\Program Files\MiKTeX 2.9\tex\generic\pgf\math\pgfmath.code.tex"
("C:\Program Files\MiKTeX 2.9\tex\generic\pgf\math\pgfmathcalc.code.tex"
("C:\Program Files\MiKTeX 2.9\tex\generic\pgf\math\pgfmathutil.code.tex")
("C:\Program Files\MiKTeX 2.9\tex\generic\pgf\math\pgfmathparser.code.tex"
\pgfmath@dimen=\dimen139
\pgfmath@count=\count112
\pgfmath@box=\box35
\pgfmath@toks=\toks23
\pgfmath@stack@operand=\toks24
\pgfmath@stack@operation=\toks25
)
("C:\Program Files\MiKTeX 2.9\tex\generic\pgf\math\pgfmathfunctions.code.tex"
("C:\Program Files\MiKTeX 2.9\tex\generic\pgf\math\pgfmathfunctions.basic.code.
tex")
("C:\Program Files\MiKTeX 2.9\tex\generic\pgf\math\pgfmathfunctions.trigonometr
ic.code.tex")
("C:\Program Files\MiKTeX 2.9\tex\generic\pgf\math\pgfmathfunctions.random.code
.tex")
("C:\Program Files\MiKTeX 2.9\tex\generic\pgf\math\pgfmathfunctions.comparison.
code.tex")
("C:\Program Files\MiKTeX 2.9\tex\generic\pgf\math\pgfmathfunctions.base.code.t
ex")
("C:\Program Files\MiKTeX 2.9\tex\generic\pgf\math\pgfmathfunctions.round.code.
tex")
("C:\Program Files\MiKTeX 2.9\tex\generic\pgf\math\pgfmathfunctions.misc.code.t
ex")
("C:\Program Files\MiKTeX 2.9\tex\generic\pgf\math\pgfmathfunctions.integerarit
hmetics.code.tex")))
("C:\Program Files\MiKTeX 2.9\tex\generic\pgf\math\pgfmathfloat.code.tex"
\c@pgfmathroundto@lastzeros=\count113
))
("C:\Program Files\MiKTeX 2.9\tex\generic\pgf\basiclayer\pgfcorepoints.code.tex
"
File: pgfcorepoints.code.tex 2013/10/07  (rcs-revision 1.27)
\pgf@picminx=\dimen140
\pgf@picmaxx=\dimen141
\pgf@picminy=\dimen142
\pgf@picmaxy=\dimen143
\pgf@pathminx=\dimen144
\pgf@pathmaxx=\dimen145
\pgf@pathminy=\dimen146
\pgf@pathmaxy=\dimen147
\pgf@xx=\dimen148
\pgf@xy=\dimen149
\pgf@yx=\dimen150
\pgf@yy=\dimen151
\pgf@zx=\dimen152
\pgf@zy=\dimen153
)
("C:\Program Files\MiKTeX 2.9\tex\generic\pgf\basiclayer\pgfcorepathconstruct.c
ode.tex"
File: pgfcorepathconstruct.code.tex 2013/10/07  (rcs-revision 1.29)
\pgf@path@lastx=\dimen154
\pgf@path@lasty=\dimen155
)
("C:\Program Files\MiKTeX 2.9\tex\generic\pgf\basiclayer\pgfcorepathusage.code.
tex"
File: pgfcorepathusage.code.tex 2013/12/13  (rcs-revision 1.23)
\pgf@shorten@end@additional=\dimen156
\pgf@shorten@start@additional=\dimen157
)
("C:\Program Files\MiKTeX 2.9\tex\generic\pgf\basiclayer\pgfcorescopes.code.tex
"
File: pgfcorescopes.code.tex 2013/10/09  (rcs-revision 1.44)
\pgfpic=\box36
\pgf@hbox=\box37
\pgf@layerbox@main=\box38
\pgf@picture@serial@count=\count114
)
("C:\Program Files\MiKTeX 2.9\tex\generic\pgf\basiclayer\pgfcoregraphicstate.co
de.tex"
File: pgfcoregraphicstate.code.tex 2013/09/19  (rcs-revision 1.11)
\pgflinewidth=\dimen158
)
("C:\Program Files\MiKTeX 2.9\tex\generic\pgf\basiclayer\pgfcoretransformations
.code.tex"
File: pgfcoretransformations.code.tex 2013/10/10  (rcs-revision 1.17)
\pgf@pt@x=\dimen159
\pgf@pt@y=\dimen160
\pgf@pt@temp=\dimen161
)
("C:\Program Files\MiKTeX 2.9\tex\generic\pgf\basiclayer\pgfcorequick.code.tex"
File: pgfcorequick.code.tex 2008/10/09  (rcs-revision 1.3)
)
("C:\Program Files\MiKTeX 2.9\tex\generic\pgf\basiclayer\pgfcoreobjects.code.te
x"
File: pgfcoreobjects.code.tex 2006/10/11  (rcs-revision 1.2)
)
("C:\Program Files\MiKTeX 2.9\tex\generic\pgf\basiclayer\pgfcorepathprocessing.
code.tex"
File: pgfcorepathprocessing.code.tex 2013/09/09  (rcs-revision 1.9)
)
("C:\Program Files\MiKTeX 2.9\tex\generic\pgf\basiclayer\pgfcorearrows.code.tex
"
File: pgfcorearrows.code.tex 2013/11/07  (rcs-revision 1.40)
\pgfarrowsep=\dimen162
)
("C:\Program Files\MiKTeX 2.9\tex\generic\pgf\basiclayer\pgfcoreshade.code.tex"
File: pgfcoreshade.code.tex 2013/07/15  (rcs-revision 1.15)
\pgf@max=\dimen163
\pgf@sys@shading@range@num=\count115
) ("C:\Program Files\MiKTeX 2.9\tex\generic\pgf\basiclayer\pgfcoreimage.code.te
x"
File: pgfcoreimage.code.tex 2013/07/15  (rcs-revision 1.18)

("C:\Program Files\MiKTeX 2.9\tex\generic\pgf\basiclayer\pgfcoreexternal.code.t
ex"
File: pgfcoreexternal.code.tex 2013/07/15  (rcs-revision 1.20)
\pgfexternal@startupbox=\box39
))
("C:\Program Files\MiKTeX 2.9\tex\generic\pgf\basiclayer\pgfcorelayers.code.tex
"
File: pgfcorelayers.code.tex 2013/07/18  (rcs-revision 1.7)
)
("C:\Program Files\MiKTeX 2.9\tex\generic\pgf\basiclayer\pgfcoretransparency.co
de.tex"
File: pgfcoretransparency.code.tex 2013/09/30  (rcs-revision 1.5)
)
("C:\Program Files\MiKTeX 2.9\tex\generic\pgf\basiclayer\pgfcorepatterns.code.t
ex"
File: pgfcorepatterns.code.tex 2013/11/07  (rcs-revision 1.5)
))) ("C:\Program Files\MiKTeX 2.9\tex\latex\pgf\utilities\xxcolor.sty"
Package: xxcolor 2003/10/24 ver 0.1
\XC@nummixins=\count116
\XC@countmixins=\count117
)
("C:\Program Files\MiKTeX 2.9\tex\generic\oberdiek\atbegshi.sty"
Package: atbegshi 2011/10/05 v1.16 At begin shipout hook (HO)
)
("C:\Program Files\MiKTeX 2.9\tex\latex\hyperref\hyperref.sty"
Package: hyperref 2012/11/06 v6.83m Hypertext links for LaTeX

("C:\Program Files\MiKTeX 2.9\tex\generic\oberdiek\hobsub-hyperref.sty"
Package: hobsub-hyperref 2012/04/25 v1.12 Bundle oberdiek, subset hyperref (HO)


("C:\Program Files\MiKTeX 2.9\tex\generic\oberdiek\hobsub-generic.sty"
Package: hobsub-generic 2012/04/25 v1.12 Bundle oberdiek, subset generic (HO)
Package: hobsub 2012/04/25 v1.12 Construct package bundles (HO)
Package hobsub Info: Skipping package `infwarerr' (already loaded).
Package hobsub Info: Skipping package `ltxcmds' (already loaded).
Package: ifluatex 2010/03/01 v1.3 Provides the ifluatex switch (HO)
Package ifluatex Info: LuaTeX not detected.
Package hobsub Info: Skipping package `ifvtex' (already loaded).
Package: intcalc 2007/09/27 v1.1 Expandable calculations with integers (HO)
Package hobsub Info: Skipping package `ifpdf' (already loaded).
Package: etexcmds 2011/02/16 v1.5 Avoid name clashes with e-TeX commands (HO)
Package etexcmds Info: Could not find \expanded.
(etexcmds)             That can mean that you are not using pdfTeX 1.50 or
(etexcmds)             that some package has redefined \expanded.
(etexcmds)             In the latter case, load this package earlier.
Package: kvsetkeys 2012/04/25 v1.16 Key value parser (HO)
Package: kvdefinekeys 2011/04/07 v1.3 Define keys (HO)
Package: pdftexcmds 2011/11/29 v0.20 Utility functions of pdfTeX for LuaTeX (HO
)
Package pdftexcmds Info: LuaTeX not detected.
Package pdftexcmds Info: \pdf@primitive is available.
Package pdftexcmds Info: \pdf@ifprimitive is available.
Package pdftexcmds Info: \pdfdraftmode found.
Package: pdfescape 2011/11/25 v1.13 Implements pdfTeX's escape features (HO)
Package: bigintcalc 2012/04/08 v1.3 Expandable calculations on big integers (HO
)
Package: bitset 2011/01/30 v1.1 Handle bit-vector datatype (HO)
Package: uniquecounter 2011/01/30 v1.2 Provide unlimited unique counter (HO)
)
Package hobsub Info: Skipping package `hobsub' (already loaded).
Package: letltxmacro 2010/09/02 v1.4 Let assignment for LaTeX macros (HO)
Package: hopatch 2011/06/24 v1.1 Wrapper for package hooks (HO)
Package: xcolor-patch 2011/01/30 xcolor patch
Package: atveryend 2011/06/30 v1.8 Hooks at the very end of document (HO)
Package atveryend Info: \enddocument detected (standard20110627).
Package hobsub Info: Skipping package `atbegshi' (already loaded).
Package: refcount 2011/10/16 v3.4 Data extraction from label references (HO)
Package: hycolor 2011/01/30 v1.7 Color options for hyperref/bookmark (HO)
)
("C:\Program Files\MiKTeX 2.9\tex\latex\oberdiek\auxhook.sty"
Package: auxhook 2011/03/04 v1.3 Hooks for auxiliary files (HO)
)
("C:\Program Files\MiKTeX 2.9\tex\latex\oberdiek\kvoptions.sty"
Package: kvoptions 2011/06/30 v3.11 Key value format for package options (HO)
)
\@linkdim=\dimen164
\Hy@linkcounter=\count118
\Hy@pagecounter=\count119

("C:\Program Files\MiKTeX 2.9\tex\latex\hyperref\pd1enc.def"
File: pd1enc.def 2012/11/06 v6.83m Hyperref: PDFDocEncoding definition (HO)
)
\Hy@SavedSpaceFactor=\count120

("C:\Program Files\MiKTeX 2.9\tex\latex\00miktex\hyperref.cfg"
File: hyperref.cfg 2002/06/06 v1.2 hyperref configuration of TeXLive
)
Package hyperref Info: Option `bookmarks' set `true' on input line 4319.
Package hyperref Info: Option `bookmarksopen' set `true' on input line 4319.
Package hyperref Info: Option `implicit' set `false' on input line 4319.
Package hyperref Info: Hyper figures OFF on input line 4443.
Package hyperref Info: Link nesting OFF on input line 4448.
Package hyperref Info: Hyper index ON on input line 4451.
Package hyperref Info: Plain pages OFF on input line 4458.
Package hyperref Info: Backreferencing OFF on input line 4463.
Package hyperref Info: Implicit mode OFF; no redefinition of LaTeX internals.
Package hyperref Info: Bookmarks ON on input line 4688.
\c@Hy@tempcnt=\count121

("C:\Program Files\MiKTeX 2.9\tex\latex\url\url.sty"
\Urlmuskip=\muskip10
Package: url 2013/09/16  ver 3.4  Verb mode for urls, etc.
)
LaTeX Info: Redefining \url on input line 5041.
\XeTeXLinkMargin=\dimen165
\Fld@menulength=\count122
\Field@Width=\dimen166
\Fld@charsize=\dimen167
Package hyperref Info: Hyper figures OFF on input line 6295.
Package hyperref Info: Link nesting OFF on input line 6300.
Package hyperref Info: Hyper index ON on input line 6303.
Package hyperref Info: backreferencing OFF on input line 6310.
Package hyperref Info: Link coloring OFF on input line 6315.
Package hyperref Info: Link coloring with OCG OFF on input line 6320.
Package hyperref Info: PDF/A mode OFF on input line 6325.
LaTeX Info: Redefining \ref on input line 6365.
LaTeX Info: Redefining \pageref on input line 6369.
\Hy@abspage=\count123


Package hyperref Message: Stopped early.

)

Package hyperref Message: Driver (autodetected): hpdftex.

("C:\Program Files\MiKTeX 2.9\tex\latex\hyperref\hpdftex.def"
File: hpdftex.def 2012/11/06 v6.83m Hyperref driver for pdfTeX
\Fld@listcount=\count124
\c@bookmark@seq@number=\count125

("C:\Program Files\MiKTeX 2.9\tex\latex\oberdiek\rerunfilecheck.sty"
Package: rerunfilecheck 2011/04/15 v1.7 Rerun checks for auxiliary files (HO)
Package uniquecounter Info: New unique counter `rerunfilecheck' on input line 2
82.
))
("C:\Program Files\MiKTeX 2.9\tex\latex\beamer\base\beamerbaserequires.sty"
Package: beamerbaserequires 2010/05/01  (rcs-revision efa082c6111d)

("C:\Program Files\MiKTeX 2.9\tex\latex\beamer\base\beamerbasecompatibility.sty
"
Package: beamerbasecompatibility 2012/05/01  (rcs-revision 67c48b3b652d)
) ("C:\Program Files\MiKTeX 2.9\tex\latex\beamer\base\beamerbasefont.sty"
Package: beamerbasefont 2013/10/18  (rcs-revision 72f39e01808a)

("C:\Program Files\MiKTeX 2.9\tex\latex\amsfonts\amssymb.sty"
Package: amssymb 2013/01/14 v3.01 AMS font symbols

("C:\Program Files\MiKTeX 2.9\tex\latex\amsfonts\amsfonts.sty"
Package: amsfonts 2013/01/14 v3.01 Basic AMSFonts support
\@emptytoks=\toks26
\symAMSa=\mathgroup4
\symAMSb=\mathgroup5
LaTeX Font Info:    Overwriting math alphabet `\mathfrak' in version `bold'
(Font)                  U/euf/m/n --> U/euf/b/n on input line 106.
))
("C:\Program Files\MiKTeX 2.9\tex\latex\sansmathaccent\sansmathaccent.sty"
Package: sansmathaccent 2013/03/28

("C:\Program Files\MiKTeX 2.9\tex\latex\filehook\filehook.sty"
Package: filehook 2011/10/12 v0.5d Hooks for input files
)))
("C:\Program Files\MiKTeX 2.9\tex\latex\beamer\base\beamerbasetranslator.sty"
Package: beamerbasetranslator 2010/06/11  (rcs-revision 85fd1cc7fc42)

("C:\Program Files\MiKTeX 2.9\tex\latex\beamer\base\translator\translator.sty"
Package: translator 2010/06/12 ver 1.10

("C:\Program Files\MiKTeX 2.9\tex\latex\beamer\base\translator\translator-langu
age-mappings.tex")))
("C:\Program Files\MiKTeX 2.9\tex\latex\beamer\base\beamerbasemisc.sty"
Package: beamerbasemisc 2013/09/03  (rcs-revision a55719c41d85)
)
("C:\Program Files\MiKTeX 2.9\tex\latex\beamer\base\beamerbasetwoscreens.sty"
Package: beamerbasetwoscreens 2010/05/01  (rcs-revision efa082c6111d)
)
("C:\Program Files\MiKTeX 2.9\tex\latex\beamer\base\beamerbaseoverlay.sty"
Package: beamerbaseoverlay 2013/12/25  (rcs-revision f6bd5e3805da)
\beamer@argscount=\count126
\beamer@lastskipcover=\skip44
\beamer@trivlistdepth=\count127
)
("C:\Program Files\MiKTeX 2.9\tex\latex\beamer\base\beamerbasetitle.sty"
Package: beamerbasetitle 2010/09/21  (rcs-revision f0446ed0b6ae)
)
("C:\Program Files\MiKTeX 2.9\tex\latex\beamer\base\beamerbasesection.sty"
Package: beamerbasesection 2013/06/07  (rcs-revision 60b9fe0f342f)
\c@lecture=\count128
\c@part=\count129
\c@section=\count130
\c@subsection=\count131
\c@subsubsection=\count132
)
("C:\Program Files\MiKTeX 2.9\tex\latex\beamer\base\beamerbaseframe.sty"
Package: beamerbaseframe 2013/10/02  (rcs-revision cdc8e9a3aaac)
\beamer@framebox=\box40
\beamer@frametitlebox=\box41
\beamer@zoombox=\box42
\beamer@zoomcount=\count133
\beamer@zoomframecount=\count134
\beamer@frametextheight=\dimen168
\c@subsectionslide=\count135
\beamer@frametopskip=\skip45
\beamer@framebottomskip=\skip46
\beamer@frametopskipautobreak=\skip47
\beamer@framebottomskipautobreak=\skip48
\beamer@envbody=\toks27
\framewidth=\dimen169
\c@framenumber=\count136
)
("C:\Program Files\MiKTeX 2.9\tex\latex\beamer\base\beamerbaseverbatim.sty"
Package: beamerbaseverbatim 2012/08/30  (rcs-revision dfdb135076b3)
\beamer@verbatimfileout=\write4
)
("C:\Program Files\MiKTeX 2.9\tex\latex\beamer\base\beamerbaseframesize.sty"
Package: beamerbaseframesize 2011/09/12  (rcs-revision 70f9d8411e54)
\beamer@splitbox=\box43
\beamer@autobreakcount=\count137
\beamer@autobreaklastheight=\dimen170
\beamer@frametitletoks=\toks28
\beamer@framesubtitletoks=\toks29
)
("C:\Program Files\MiKTeX 2.9\tex\latex\beamer\base\beamerbaseframecomponents.s
ty"
Package: beamerbaseframecomponents 2013/10/18  (rcs-revision 5cf6c5555a45)
\beamer@footins=\box44
) ("C:\Program Files\MiKTeX 2.9\tex\latex\beamer\base\beamerbasecolor.sty"
Package: beamerbasecolor 2010/06/06  (rcs-revision d1a9b48be06d)
)
("C:\Program Files\MiKTeX 2.9\tex\latex\beamer\base\beamerbasenotes.sty"
Package: beamerbasenotes 2012/12/19  (rcs-revision 1686da3db3c9)
\beamer@frameboxcopy=\box45
)
("C:\Program Files\MiKTeX 2.9\tex\latex\beamer\base\beamerbasetoc.sty"
Package: beamerbasetoc 2013/05/23  (rcs-revision 0fdf5bc43be8)
)
("C:\Program Files\MiKTeX 2.9\tex\latex\beamer\base\beamerbasetemplates.sty"
Package: beamerbasetemplates 2010/05/01  (rcs-revision efa082c6111d)
\beamer@sbttoks=\toks30

("C:\Program Files\MiKTeX 2.9\tex\latex\beamer\base\beamerbaseauxtemplates.sty"
Package: beamerbaseauxtemplates 2013/09/04  (rcs-revision 4ac715c499d0)
("C:\Program Files\MiKTeX 2.9\tex\latex\beamer\base\beamerbaseboxes.sty"
Package: beamerbaseboxes 2012/05/13  (rcs-revision 56972908a390)
\bmb@box=\box46
\bmb@colorbox=\box47
\bmb@boxshadow=\box48
\bmb@boxshadowball=\box49
\bmb@boxshadowballlarge=\box50
\bmb@temp=\dimen171
\bmb@dima=\dimen172
\bmb@dimb=\dimen173
\bmb@prevheight=\dimen174
)
\beamer@blockheadheight=\dimen175
))
("C:\Program Files\MiKTeX 2.9\tex\latex\beamer\base\beamerbaselocalstructure.st
y"
Package: beamerbaselocalstructure 2013/09/04  (rcs-revision 4ac715c499d0)
 ("C:\Program Files\MiKTeX 2.9\tex\latex\tools\enumerate.sty"
Package: enumerate 1999/03/05 v3.00 enumerate extensions (DPC)
\@enLab=\toks31
)
\c@figure=\count138
\c@table=\count139
\abovecaptionskip=\skip49
\belowcaptionskip=\skip50
)
("C:\Program Files\MiKTeX 2.9\tex\latex\beamer\base\beamerbasenavigation.sty"
Package: beamerbasenavigation 2013/10/05  (rcs-revision 62be157fe783)
\beamer@section@min@dim=\dimen176
)
("C:\Program Files\MiKTeX 2.9\tex\latex\beamer\base\beamerbasetheorems.sty"
Package: beamerbasetheorems 2010/06/06  (rcs-revision 7e7cc5e53e9d)

("C:\Program Files\MiKTeX 2.9\tex\latex\amsmath\amsmath.sty"
Package: amsmath 2013/01/14 v2.14 AMS math features
\@mathmargin=\skip51

For additional information on amsmath, use the `?' option.
("C:\Program Files\MiKTeX 2.9\tex\latex\amsmath\amstext.sty"
Package: amstext 2000/06/29 v2.01

("C:\Program Files\MiKTeX 2.9\tex\latex\amsmath\amsgen.sty"
File: amsgen.sty 1999/11/30 v2.0
\@emptytoks=\toks32
\ex@=\dimen177
))
("C:\Program Files\MiKTeX 2.9\tex\latex\amsmath\amsbsy.sty"
Package: amsbsy 1999/11/29 v1.2d
\pmbraise@=\dimen178
)
("C:\Program Files\MiKTeX 2.9\tex\latex\amsmath\amsopn.sty"
Package: amsopn 1999/12/14 v2.01 operator names
)
\inf@bad=\count140
LaTeX Info: Redefining \frac on input line 210.
\uproot@=\count141
\leftroot@=\count142
LaTeX Info: Redefining \overline on input line 306.
\classnum@=\count143
\DOTSCASE@=\count144
LaTeX Info: Redefining \ldots on input line 378.
LaTeX Info: Redefining \dots on input line 381.
LaTeX Info: Redefining \cdots on input line 466.
\Mathstrutbox@=\box51
\strutbox@=\box52
\big@size=\dimen179
LaTeX Font Info:    Redeclaring font encoding OML on input line 566.
LaTeX Font Info:    Redeclaring font encoding OMS on input line 567.
\macc@depth=\count145
\c@MaxMatrixCols=\count146
\dotsspace@=\muskip11
\c@parentequation=\count147
\dspbrk@lvl=\count148
\tag@help=\toks33
\row@=\count149
\column@=\count150
\maxfields@=\count151
\andhelp@=\toks34
\eqnshift@=\dimen180
\alignsep@=\dimen181
\tagshift@=\dimen182
\tagwidth@=\dimen183
\totwidth@=\dimen184
\lineht@=\dimen185
\@envbody=\toks35
\multlinegap=\skip52
\multlinetaggap=\skip53
\mathdisplay@stack=\toks36
LaTeX Info: Redefining \[ on input line 2665.
LaTeX Info: Redefining \] on input line 2666.
)
("C:\Program Files\MiKTeX 2.9\tex\latex\amscls\amsthm.sty"
Package: amsthm 2004/08/06 v2.20
\thm@style=\toks37
\thm@bodyfont=\toks38
\thm@headfont=\toks39
\thm@notefont=\toks40
\thm@headpunct=\toks41
\thm@preskip=\skip54
\thm@postskip=\skip55
\thm@headsep=\skip56
\dth@everypar=\toks42
)
\c@theorem=\count152
)
("C:\Program Files\MiKTeX 2.9\tex\latex\beamer\base\beamerbasethemes.sty"
Package: beamerbasethemes 2010/05/01  (rcs-revision efa082c6111d)
))
("C:\Program Files\MiKTeX 2.9\tex\latex\beamer\base\themes\theme\beamerthemedef
ault.sty"
Package: beamerthemedefault 2010/06/17  (rcs-revision d02a7cf4d8ae)

("C:\Program Files\MiKTeX 2.9\tex\latex\beamer\base\themes\font\beamerfonttheme
default.sty"
Package: beamerfontthemedefault 2012/12/19  (rcs-revision 1686da3db3c9)
)
("C:\Program Files\MiKTeX 2.9\tex\latex\beamer\base\themes\color\beamercolorthe
medefault.sty"
Package: beamercolorthemedefault 2012/12/19  (rcs-revision 1686da3db3c9)
)
("C:\Program Files\MiKTeX 2.9\tex\latex\beamer\base\themes\inner\beamerinnerthe
medefault.sty"
Package: beamerinnerthemedefault 2013/10/15  (rcs-revision 65cb471f9634)
\beamer@dima=\dimen186
\beamer@dimb=\dimen187
)
("C:\Program Files\MiKTeX 2.9\tex\latex\beamer\base\themes\outer\beamerouterthe
medefault.sty"
Package: beamerouterthemedefault 2012/12/19  (rcs-revision 1686da3db3c9)
)))
("C:\Program Files\MiKTeX 2.9\tex\latex\beamer\base\themes\theme\beamerthemeBer
lin.sty"
Package: beamerthemeBerlin 2010/06/17  (rcs-revision d02a7cf4d8ae)

("C:\Program Files\MiKTeX 2.9\tex\latex\beamer\base\themes\outer\beamerouterthe
meminiframes.sty"
Package: beamerouterthememiniframes 2010/06/17  (rcs-revision d02a7cf4d8ae)
)
("C:\Program Files\MiKTeX 2.9\tex\latex\beamer\base\themes\color\beamercolorthe
mewhale.sty"
Package: beamercolorthemewhale 2010/06/17  (rcs-revision d02a7cf4d8ae)
)
("C:\Program Files\MiKTeX 2.9\tex\latex\beamer\base\themes\color\beamercolorthe
meorchid.sty"
Package: beamercolorthemeorchid 2010/06/17  (rcs-revision d02a7cf4d8ae)
)
("C:\Program Files\MiKTeX 2.9\tex\latex\beamer\base\themes\inner\beamerinnerthe
merectangles.sty"
Package: beamerinnerthemerectangles 2010/06/17  (rcs-revision d02a7cf4d8ae)
))
("C:\Program Files\MiKTeX 2.9\tex\latex\appendixnumberbeamer\appendixnumberbeam
er.sty")
("C:\Program Files\MiKTeX 2.9\tex\latex\beamer\base\multimedia\multimedia.sty"
Package: multimedia 2012/05/02 ver 0.02
\mm@movie=\count153
) ("C:\Program Files\MiKTeX 2.9\tex\latex\braket\braket.sty")
("C:\Program Files\MiKTeX 2.9\tex\latex\tools\array.sty"
Package: array 2008/09/09 v2.4c Tabular extension package (FMi)
\col@sep=\dimen188
\extrarowheight=\dimen189
\NC@list=\toks43
\extratabsurround=\skip57
\backup@length=\skip58
)
("C:\Program Files\MiKTeX 2.9\tex\latex\multirow\multirow.sty"
\bigstrutjot=\dimen190
)
No file General.aux.
LaTeX Font Info:    Checking defaults for OML/cmm/m/it on input line 25.
LaTeX Font Info:    ... okay on input line 25.
LaTeX Font Info:    Checking defaults for T1/cmr/m/n on input line 25.
LaTeX Font Info:    ... okay on input line 25.
LaTeX Font Info:    Checking defaults for OT1/cmr/m/n on input line 25.
LaTeX Font Info:    ... okay on input line 25.
LaTeX Font Info:    Checking defaults for OMS/cmsy/m/n on input line 25.
LaTeX Font Info:    ... okay on input line 25.
LaTeX Font Info:    Checking defaults for OMX/cmex/m/n on input line 25.
LaTeX Font Info:    ... okay on input line 25.
LaTeX Font Info:    Checking defaults for U/cmr/m/n on input line 25.
LaTeX Font Info:    ... okay on input line 25.
LaTeX Font Info:    Checking defaults for PD1/pdf/m/n on input line 25.
LaTeX Font Info:    ... okay on input line 25.
*geometry* driver: auto-detecting
*geometry* detected driver: pdftex
*geometry* verbose mode - [ preamble ] result:
* driver: pdftex
* paper: custom
* layout: <same size as paper>
* layoutoffset:(h,v)=(0.0pt,0.0pt)
* modes: includehead includefoot 
* h-part:(L,W,R)=(28.45274pt, 307.28987pt, 28.45274pt)
* v-part:(T,H,B)=(0.0pt, 273.14662pt, 0.0pt)
* \paperwidth=364.19536pt
* \paperheight=273.14662pt
* \textwidth=307.28987pt
* \textheight=244.6939pt
* \oddsidemargin=-43.81725pt
* \evensidemargin=-43.81725pt
* \topmargin=-72.26999pt
* \headheight=14.22636pt
* \headsep=0.0pt
* \topskip=11.0pt
* \footskip=14.22636pt
* \marginparwidth=4.0pt
* \marginparsep=10.0pt
* \columnsep=10.0pt
* \skip\footins=10.0pt plus 4.0pt minus 2.0pt
* \hoffset=0.0pt
* \voffset=0.0pt
* \mag=1000
* \@twocolumnfalse
* \@twosidefalse
* \@mparswitchfalse
* \@reversemarginfalse
* (1in=72.27pt=25.4mm, 1cm=28.453pt)

("C:\Program Files\MiKTeX 2.9\tex\context\base\supp-pdf.mkii"
[Loading MPS to PDF converter (version 2006.09.02).]
\scratchcounter=\count154
\scratchdimen=\dimen191
\scratchbox=\box53
\nofMPsegments=\count155
\nofMParguments=\count156
\everyMPshowfont=\toks44
\MPscratchCnt=\count157
\MPscratchDim=\dimen192
\MPnumerator=\count158
\makeMPintoPDFobject=\count159
\everyMPtoPDFconversion=\toks45
) ABD: EveryShipout initializing macros
\AtBeginShipoutBox=\box54
Package hyperref Info: Link coloring OFF on input line 25.

("C:\Program Files\MiKTeX 2.9\tex\latex\hyperref\nameref.sty"
Package: nameref 2012/10/27 v2.43 Cross-referencing by name of section

("C:\Program Files\MiKTeX 2.9\tex\generic\oberdiek\gettitlestring.sty"
Package: gettitlestring 2010/12/03 v1.4 Cleanup title references (HO)
)
\c@section@level=\count160
)
LaTeX Info: Redefining \ref on input line 25.
LaTeX Info: Redefining \pageref on input line 25.
LaTeX Info: Redefining \nameref on input line 25.
\@outlinefile=\write5
LaTeX Font Info:    Overwriting symbol font `operators' in version `normal'
(Font)                  OT1/cmr/m/n --> OT1/cmss/m/n on input line 25.
LaTeX Font Info:    Overwriting symbol font `operators' in version `bold'
(Font)                  OT1/cmr/bx/n --> OT1/cmss/bx/n on input line 25.
\symnumbers=\mathgroup6
\sympureletters=\mathgroup7
LaTeX Font Info:    Overwriting math alphabet `\mathrm' in version `normal'
(Font)                  OT1/cmss/m/n --> OT1/cmr/m/n on input line 25.
LaTeX Font Info:    Redeclaring math alphabet \mathbf on input line 25.
LaTeX Font Info:    Overwriting math alphabet `\mathbf' in version `normal'
(Font)                  OT1/cmr/bx/n --> OT1/cmss/bx/n on input line 25.
LaTeX Font Info:    Overwriting math alphabet `\mathbf' in version `bold'
(Font)                  OT1/cmr/bx/n --> OT1/cmss/bx/n on input line 25.
LaTeX Font Info:    Redeclaring math alphabet \mathsf on input line 25.
LaTeX Font Info:    Overwriting math alphabet `\mathsf' in version `normal'
(Font)                  OT1/cmss/m/n --> OT1/cmss/m/n on input line 25.
LaTeX Font Info:    Overwriting math alphabet `\mathsf' in version `bold'
(Font)                  OT1/cmss/bx/n --> OT1/cmss/m/n on input line 25.
LaTeX Font Info:    Redeclaring math alphabet \mathit on input line 25.
LaTeX Font Info:    Overwriting math alphabet `\mathit' in version `normal'
(Font)                  OT1/cmr/m/it --> OT1/cmss/m/it on input line 25.
LaTeX Font Info:    Overwriting math alphabet `\mathit' in version `bold'
(Font)                  OT1/cmr/bx/it --> OT1/cmss/m/it on input line 25.
LaTeX Font Info:    Redeclaring math alphabet \mathtt on input line 25.
LaTeX Font Info:    Overwriting math alphabet `\mathtt' in version `normal'
(Font)                  OT1/cmtt/m/n --> OT1/cmtt/m/n on input line 25.
LaTeX Font Info:    Overwriting math alphabet `\mathtt' in version `bold'
(Font)                  OT1/cmtt/m/n --> OT1/cmtt/m/n on input line 25.
LaTeX Font Info:    Overwriting symbol font `numbers' in version `bold'
(Font)                  OT1/cmss/m/n --> OT1/cmss/bx/n on input line 25.
LaTeX Font Info:    Overwriting symbol font `pureletters' in version `bold'
(Font)                  OT1/cmss/m/it --> OT1/cmss/bx/it on input line 25.
LaTeX Font Info:    Overwriting math alphabet `\mathrm' in version `bold'
(Font)                  OT1/cmss/bx/n --> OT1/cmr/bx/n on input line 25.
LaTeX Font Info:    Overwriting math alphabet `\mathbf' in version `bold'
(Font)                  OT1/cmss/bx/n --> OT1/cmss/bx/n on input line 25.
LaTeX Font Info:    Overwriting math alphabet `\mathsf' in version `bold'
(Font)                  OT1/cmss/m/n --> OT1/cmss/bx/n on input line 25.
LaTeX Font Info:    Overwriting math alphabet `\mathit' in version `bold'
(Font)                  OT1/cmss/m/it --> OT1/cmss/bx/it on input line 25.
LaTeX Font Info:    Overwriting math alphabet `\mathtt' in version `bold'
(Font)                  OT1/cmtt/m/n --> OT1/cmtt/bx/n on input line 25.
LaTeX Font Info:    Redeclaring symbol font `pureletters' on input line 25.
LaTeX Font Info:    Overwriting symbol font `pureletters' in version `normal'
(Font)                  OT1/cmss/m/it --> OT1/mathkerncmss/m/sl on input line 2
5.
LaTeX Font Info:    Overwriting symbol font `pureletters' in version `bold'
(Font)                  OT1/cmss/bx/it --> OT1/mathkerncmss/m/sl on input line 
25.
LaTeX Font Info:    Overwriting symbol font `pureletters' in version `bold'
(Font)                  OT1/mathkerncmss/m/sl --> OT1/mathkerncmss/bx/sl on inp
ut line 25.

("C:\Program Files\MiKTeX 2.9\tex\latex\beamer\base\translator\dicts\translator
-basic-dictionary\translator-basic-dictionary-English.dict"
Dictionary: translator-basic-dictionary, Language: English 
)
("C:\Program Files\MiKTeX 2.9\tex\latex\beamer\base\translator\dicts\translator
-bibliography-dictionary\translator-bibliography-dictionary-English.dict"
Dictionary: translator-bibliography-dictionary, Language: English 
)
("C:\Program Files\MiKTeX 2.9\tex\latex\beamer\base\translator\dicts\translator
-environment-dictionary\translator-environment-dictionary-English.dict"
Dictionary: translator-environment-dictionary, Language: English 
)
("C:\Program Files\MiKTeX 2.9\tex\latex\beamer\base\translator\dicts\translator
-months-dictionary\translator-months-dictionary-English.dict"
Dictionary: translator-months-dictionary, Language: English 
)
("C:\Program Files\MiKTeX 2.9\tex\latex\beamer\base\translator\dicts\translator
-numbers-dictionary\translator-numbers-dictionary-English.dict"
Dictionary: translator-numbers-dictionary, Language: English 
)
("C:\Program Files\MiKTeX 2.9\tex\latex\beamer\base\translator\dicts\translator
-theorem-dictionary\translator-theorem-dictionary-English.dict"
Dictionary: translator-theorem-dictionary, Language: English 
)
LaTeX Info: Redefining \includegraphics on input line 25.

No file General.nav.
[1

{C:/Users/amonktweet/AppData/Local/MiKTeX/2.9/pdftex/config/pdftex.map}]
<Graphics/Bloch_Sphere.png, id=43, 501.875pt x 569.12625pt>
File: Graphics/Bloch_Sphere.png Graphic file (type png)

<use Graphics/Bloch_Sphere.png>
Package pdftex.def Info: Graphics/Bloch_Sphere.png used on input line 47.
(pdftex.def)             Requested size: 110.6219pt x 125.44263pt.
LaTeX Font Info:    Try loading font information for U+msa on input line 47.

("C:\Program Files\MiKTeX 2.9\tex\latex\amsfonts\umsa.fd"
File: umsa.fd 2013/01/14 v3.01 AMS symbols A
)
LaTeX Font Info:    Try loading font information for U+msb on input line 47.

("C:\Program Files\MiKTeX 2.9\tex\latex\amsfonts\umsb.fd"
File: umsb.fd 2013/01/14 v3.01 AMS symbols B
)
LaTeX Font Info:    Try loading font information for OT1+mathkerncmss on input 
line 47.

("C:\Program Files\MiKTeX 2.9\tex\latex\sansmathaccent\ot1mathkerncmss.fd"
File: ot1mathkerncmss.fd 2013/03/27 Fontinst v1.933 font definitions for OT1/ma
thkerncmss.
)

LaTeX Font Warning: Font shape `OT1/cmss/m/n' in size <4> not available
(Font)              size <5> substituted on input line 47.

[2

 <C:/ExperimentRelated/UW/General/Graphics/Bloch_Sphere.png>] [3

] [4

]
<Graphics/Grovers-equal.pdf, id=135, 240.9pt x 110.89029pt>
File: Graphics/Grovers-equal.pdf Graphic file (type pdf)

<use Graphics/Grovers-equal.pdf>
Package pdftex.def Info: Graphics/Grovers-equal.pdf used on input line 108.
(pdftex.def)             Requested size: 99.55994pt x 45.82864pt.

Overfull \vbox (9.1087pt too high) detected at line 108
 []


Overfull \vbox (13.59999pt too high) detected at line 108
 []

<Graphics/Grovers-marked.pdf, id=136, 240.9pt x 110.89029pt>
File: Graphics/Grovers-marked.pdf Graphic file (type pdf)

<use Graphics/Grovers-marked.pdf>
Package pdftex.def Info: Graphics/Grovers-marked.pdf used on input line 108.
(pdftex.def)             Requested size: 99.55994pt x 45.82864pt.

Overfull \vbox (9.1087pt too high) detected at line 108
 []

[5

 <C:/ExperimentRelated/UW/General/Graphics/Grovers-equal.pdf> <C:/ExperimentRel
ated/UW/General/Graphics/Grovers-marked.pdf>]
<Graphics/Grovers-inversion1.pdf, id=191, 240.9pt x 110.89029pt>
File: Graphics/Grovers-inversion1.pdf Graphic file (type pdf)

<use Graphics/Grovers-inversion1.pdf>
Package pdftex.def Info: Graphics/Grovers-inversion1.pdf used on input line 143
.
(pdftex.def)             Requested size: 99.55994pt x 45.82864pt.

Overfull \vbox (9.1087pt too high) detected at line 143
 []

<Graphics/Grovers-inversion2.pdf, id=192, 240.9pt x 110.89029pt>
File: Graphics/Grovers-inversion2.pdf Graphic file (type pdf)

<use Graphics/Grovers-inversion2.pdf>
Package pdftex.def Info: Graphics/Grovers-inversion2.pdf used on input line 143
.
(pdftex.def)             Requested size: 99.55994pt x 45.82864pt.

Overfull \vbox (9.1087pt too high) detected at line 143
 []

LaTeX Font Info:    Calculating math sizes for size <4> on input line 143.

LaTeX Font Warning: Font shape `OT1/cmss/m/n' in size <2.79999> not available
(Font)              size <5> substituted on input line 143.


LaTeX Font Warning: Font shape `OT1/cmss/m/n' in size <2> not available
(Font)              size <5> substituted on input line 143.


LaTeX Font Warning: Font shape `OML/cmm/m/it' in size <4> not available
(Font)              size <5> substituted on input line 143.


LaTeX Font Warning: Font shape `OML/cmm/m/it' in size <2.79999> not available
(Font)              size <5> substituted on input line 143.


LaTeX Font Warning: Font shape `OML/cmm/m/it' in size <2> not available
(Font)              size <5> substituted on input line 143.


LaTeX Font Warning: Font shape `OMS/cmsy/m/n' in size <4> not available
(Font)              size <5> substituted on input line 143.


LaTeX Font Warning: Font shape `OMS/cmsy/m/n' in size <2.79999> not available
(Font)              size <5> substituted on input line 143.


LaTeX Font Warning: Font shape `OMS/cmsy/m/n' in size <2> not available
(Font)              size <5> substituted on input line 143.


Overfull \hbox (1.12173pt too wide) detected at line 143
[]
 []

[6

 <C:/ExperimentRelated/UW/General/Graphics/Grovers-inversion1.pdf> <C:/Experime
ntRelated/UW/General/Graphics/Grovers-inversion2.pdf>] [7

]
<Graphics/MUSIQC-plan.jpg, id=271, 3914.625pt x 1087.06125pt>
File: Graphics/MUSIQC-plan.jpg Graphic file (type jpg)

<use Graphics/MUSIQC-plan.jpg>
Package pdftex.def Info: Graphics/MUSIQC-plan.jpg used on input line 164.
(pdftex.def)             Requested size: 371.29591pt x 103.11534pt.
 [8

 <C:/ExperimentRelated/UW/General/Graphics/MUSIQC-plan.jpg>] [9

]
<Graphics/PaulTrap-no_needles.pdf, id=328, 256.96pt x 108.4873pt>
File: Graphics/PaulTrap-no_needles.pdf Graphic file (type pdf)

<use Graphics/PaulTrap-no_needles.pdf>
Package pdftex.def Info: Graphics/PaulTrap-no_needles.pdf used on input line 20
6.
(pdftex.def)             Requested size: 110.6219pt x 46.70491pt.

Overfull \hbox (17.73433pt too wide) in alignment at lines 206--206
 [][][] []
 []

[10

 <C:/ExperimentRelated/UW/General/Graphics/PaulTrap-no_needles.pdf>]
<Graphics/PaulTrap-ion_motion.pdf, id=360, 397.485pt x 202.07596pt>
File: Graphics/PaulTrap-ion_motion.pdf Graphic file (type pdf)

<use Graphics/PaulTrap-ion_motion.pdf>
Package pdftex.def Info: Graphics/PaulTrap-ion_motion.pdf used on input line 22
2.
(pdftex.def)             Requested size: 138.2795pt x 70.29904pt.

<Graphics/PaulTrap-micromotion.pdf, id=361, 398.288pt x 201.05916pt>
File: Graphics/PaulTrap-micromotion.pdf Graphic file (type pdf)

<use Graphics/PaulTrap-micromotion.pdf>
Package pdftex.def Info: Graphics/PaulTrap-micromotion.pdf used on input line 2
22.
(pdftex.def)             Requested size: 138.2795pt x 69.80418pt.

Overfull \hbox (17.99998pt too wide) in alignment at lines 222--222
[] [] 
 []

[11

 <C:/ExperimentRelated/UW/General/Graphics/PaulTrap-ion_motion.pdf> <C:/Experim
entRelated/UW/General/Graphics/PaulTrap-micromotion.pdf>]
<Graphics/PaulTrap.pdf, id=417, 294.13388pt x 255.05289pt>
File: Graphics/PaulTrap.pdf Graphic file (type pdf)

<use Graphics/PaulTrap.pdf>
Package pdftex.def Info: Graphics/PaulTrap.pdf used on input line 240.
(pdftex.def)             Requested size: 110.6219pt x 95.92091pt.

Overfull \hbox (15.01077pt too wide) in alignment at lines 240--240
 [][][] []
 []

[12

 <C:/ExperimentRelated/UW/General/Graphics/PaulTrap.pdf>]
<Graphics/Chains-spacing.pdf, id=447, 349.63524pt x 216.0863pt>
File: Graphics/Chains-spacing.pdf Graphic file (type pdf)

<use Graphics/Chains-spacing.pdf>
Package pdftex.def Info: Graphics/Chains-spacing.pdf used on input line 253.
(pdftex.def)             Requested size: 122.913pt x 57.28566pt.

<Graphics/ThreeIons.jpg, id=448, 995.72pt x 995.72pt>
File: Graphics/ThreeIons.jpg Graphic file (type jpg)

<use Graphics/ThreeIons.jpg>
Package pdftex.def Info: Graphics/ThreeIons.jpg used on input line 253.
(pdftex.def)             Requested size: 68.73514pt x 68.74474pt.

<Graphics/BigChain.png, id=449, 755.82375pt x 754.31813pt>
File: Graphics/BigChain.png Graphic file (type png)

<use Graphics/BigChain.png>
Package pdftex.def Info: Graphics/BigChain.png used on input line 253.
(pdftex.def)             Requested size: 68.87463pt x 68.74474pt.
 [13

 <C:/ExperimentRelated/UW/General/Graphics/Chains-spacing.pdf> <C:/ExperimentRe
lated/UW/General/Graphics/ThreeIons.jpg> <C:/ExperimentRelated/UW/General/Graph
ics/BigChain.png>]
<Graphics/Chains-quartic_spacing3.pdf, id=482, 240.9pt x 151.0202pt>
File: Graphics/Chains-quartic_spacing3.pdf Graphic file (type pdf)

<use Graphics/Chains-quartic_spacing3.pdf>
Package pdftex.def Info: Graphics/Chains-quartic_spacing3.pdf used on input lin
e 274.
(pdftex.def)             Requested size: 110.6219pt x 69.34799pt.

Overfull \hbox (9.35469pt too wide) in alignment at lines 274--274
 [][][] []
 []

[14

 <C:/ExperimentRelated/UW/General/Graphics/Chains-quartic_spacing3.pdf>]
<Graphics/GenIIIPackage-GTRI_GenIII_Overview.png, id=518, 905.63344pt x 899.610
93pt>
File: Graphics/GenIIIPackage-GTRI_GenIII_Overview.png Graphic file (type png)
 <use Graphics/GenIIIPackage-GTRI_GenIII_Overview.png>
Package pdftex.def Info: Graphics/GenIIIPackage-GTRI_GenIII_Overview.png used o
n input line 291.
(pdftex.def)             Requested size: 110.6219pt x 109.88414pt.
 [15

 <C:/ExperimentRelated/UW/General/Graphics/GenIIIPackage-GTRI_GenIII_Overview.p
ng>]
<Graphics/electrode_assignment_Yu-1.pdf, id=547, 722.7pt x 542.025pt>
File: Graphics/electrode_assignment_Yu-1.pdf Graphic file (type pdf)

<use Graphics/electrode_assignment_Yu-1.pdf>
Package pdftex.def Info: Graphics/electrode_assignment_Yu-1.pdf used on input l
ine 297.
(pdftex.def)             Requested size: 213.86732pt x 160.40204pt.
 [16

 <C:/ExperimentRelated/UW/General/Graphics/electrode_assignment_Yu-1.pdf>]
<Graphics/ChipTrapFab-GTRI_GenIII_Overview.png, id=592, 773.13844pt x 289.83281
pt>
File: Graphics/ChipTrapFab-GTRI_GenIII_Overview.png Graphic file (type png)
 <use Graphics/ChipTrapFab-GTRI_GenIII_Overview.png>
Package pdftex.def Info: Graphics/ChipTrapFab-GTRI_GenIII_Overview.png used on 
input line 302.
(pdftex.def)             Requested size: 307.28987pt x 115.19693pt.
 [17

 <C:/ExperimentRelated/UW/General/Graphics/ChipTrapFab-GTRI_GenIII_Overview.png
>]
<Graphics/camera/laser_table.jpg, id=620, 724.6272pt x 481.8pt>
File: Graphics/camera/laser_table.jpg Graphic file (type jpg)

<use Graphics/camera/laser_table.jpg>
Package pdftex.def Info: Graphics/camera/laser_table.jpg used on input line 312
.
(pdftex.def)             Requested size: 153.64493pt x 102.1514pt.

<Graphics/camera/macro_trap.jpg, id=621, 724.6272pt x 481.8pt>
File: Graphics/camera/macro_trap.jpg Graphic file (type jpg)

<use Graphics/camera/macro_trap.jpg>
Package pdftex.def Info: Graphics/camera/macro_trap.jpg used on input line 312.

(pdftex.def)             Requested size: 153.64493pt x 102.1514pt.
 [18

 <C:/ExperimentRelated/UW/General/Graphics/camera/laser_table.jpg> <C:/Experime
ntRelated/UW/General/Graphics/camera/macro_trap.jpg>]
<Graphics/chiptrap-chamber.pdf, id=651, 465.03629pt x 653.64201pt>
File: Graphics/chiptrap-chamber.pdf Graphic file (type pdf)

<use Graphics/chiptrap-chamber.pdf>
Package pdftex.def Info: Graphics/chiptrap-chamber.pdf used on input line 328.
(pdftex.def)             Requested size: 122.91406pt x 172.76549pt.
 [19

 <C:/ExperimentRelated/UW/General/Graphics/chiptrap-chamber.pdf>]
<Graphics/camera/DAC_board.jpg, id=695, 724.6272pt x 481.8pt>
File: Graphics/camera/DAC_board.jpg Graphic file (type jpg)

<use Graphics/camera/DAC_board.jpg>
Package pdftex.def Info: Graphics/camera/DAC_board.jpg used on input line 351.
(pdftex.def)             Requested size: 110.6219pt x 73.54607pt.
 [20

 <C:/ExperimentRelated/UW/General/Graphics/camera/DAC_board.jpg>] [21

] [22

]
<Graphics/energylevels-neutral.pdf, id=778, 280.41496pt x 320.4025pt>
File: Graphics/energylevels-neutral.pdf Graphic file (type pdf)

<use Graphics/energylevels-neutral.pdf>
Package pdftex.def Info: Graphics/energylevels-neutral.pdf used on input line 3
84.
(pdftex.def)             Requested size: 100.27325pt x 114.5734pt.

<Graphics/camera/450_laser.jpg, id=779, 724.6272pt x 481.8pt>
File: Graphics/camera/450_laser.jpg Graphic file (type jpg)

<use Graphics/camera/450_laser.jpg>
Package pdftex.def Info: Graphics/camera/450_laser.jpg used on input line 384.
(pdftex.def)             Requested size: 172.31082pt x 114.5734pt.
 [23

 <C:/ExperimentRelated/UW/General/Graphics/energylevels-neutral.pdf> <C:/Experi
mentRelated/UW/General/Graphics/camera/450_laser.jpg>]
<Graphics/RingTrap-blocked.png, id=815, 1355.0625pt x 1016.79875pt>
File: Graphics/RingTrap-blocked.png Graphic file (type png)

<use Graphics/RingTrap-blocked.png>
Package pdftex.def Info: Graphics/RingTrap-blocked.png used on input line 408.
(pdftex.def)             Requested size: 98.33162pt x 73.7742pt.

<Graphics/RingTrapSEM.png, id=816, 1423.3175pt x 1066.98625pt>
File: Graphics/RingTrapSEM.png Graphic file (type png)

<use Graphics/RingTrapSEM.png>
Package pdftex.def Info: Graphics/RingTrapSEM.png used on input line 408.
(pdftex.def)             Requested size: 98.33162pt x 73.70354pt.
 [24

 <C:/ExperimentRelated/UW/General/Graphics/RingTrap-blocked.png> <C:/Experiment
Related/UW/General/Graphics/RingTrapSEM.png>]
File: Graphics/electrode_assignment_Yu-1.pdf Graphic file (type pdf)
<use Graphics/electrode_assignment_Yu-1.pdf>
Package pdftex.def Info: Graphics/electrode_assignment_Yu-1.pdf used on input l
ine 416.
(pdftex.def)             Requested size: 152.76395pt x 114.5734pt.

<Graphics/NoSecondStage.png, id=846, 755.82375pt x 752.8125pt>
File: Graphics/NoSecondStage.png Graphic file (type png)

<use Graphics/NoSecondStage.png>
Package pdftex.def Info: Graphics/NoSecondStage.png used on input line 416.
(pdftex.def)             Requested size: 115.0294pt x 114.5734pt.
 [25

 <C:/ExperimentRelated/UW/General/Graphics/NoSecondStage.png>]

Package multimedia Warning: The movie file ``ion_shuttle.mpg'' could not be fou
nd in the current directory, where it must reside for viewing. on input line 42
4.

<Graphics/loading_hole_position.jpg, id=875, 1007.765pt x 1005.7575pt>
File: Graphics/loading_hole_position.jpg Graphic file (type jpg)

<use Graphics/loading_hole_position.jpg>
Package pdftex.def Info: Graphics/loading_hole_position.jpg used on input line 
424.
(pdftex.def)             Requested size: 184.74211pt x 184.3758pt.
 [26

 <C:/ExperimentRelated/UW/General/Graphics/loading_hole_position.jpg>]
<Graphics/lifetime-loading1.pdf, id=905, 439.24101pt x 232.75859pt>
File: Graphics/lifetime-loading1.pdf Graphic file (type pdf)

<use Graphics/lifetime-loading1.pdf>
Package pdftex.def Info: Graphics/lifetime-loading1.pdf used on input line 437.

(pdftex.def)             Requested size: 138.2795pt x 73.27672pt.

<Graphics/lifetime-midarm1.pdf, id=906, 437.635pt x 231.76587pt>
File: Graphics/lifetime-midarm1.pdf Graphic file (type pdf)

<use Graphics/lifetime-midarm1.pdf>
Package pdftex.def Info: Graphics/lifetime-midarm1.pdf used on input line 437.
(pdftex.def)             Requested size: 138.2795pt x 73.22942pt.

Overfull \hbox (23.99998pt too wide) in alignment at lines 437--437
[][] 
 []

[27

 <C:/ExperimentRelated/UW/General/Graphics/lifetime-loading1.pdf> <C:/Experimen
tRelated/UW/General/Graphics/lifetime-midarm1.pdf>]
<Graphics/axial/crop171.jpg, id=950, 200.75pt x 200.75pt>
File: Graphics/axial/crop171.jpg Graphic file (type jpg)

<use Graphics/axial/crop171.jpg>
Package pdftex.def Info: Graphics/axial/crop171.jpg used on input line 456.
(pdftex.def)             Requested size: 30.73085pt x 30.72995pt.

<Graphics/axial/crop173.jpg, id=951, 200.75pt x 200.75pt>
File: Graphics/axial/crop173.jpg Graphic file (type jpg)

<use Graphics/axial/crop173.jpg>
Package pdftex.def Info: Graphics/axial/crop173.jpg used on input line 456.
(pdftex.def)             Requested size: 30.73085pt x 30.72995pt.

<Graphics/axial/crop176.jpg, id=952, 200.75pt x 200.75pt>
File: Graphics/axial/crop176.jpg Graphic file (type jpg)

<use Graphics/axial/crop176.jpg>
Package pdftex.def Info: Graphics/axial/crop176.jpg used on input line 456.
(pdftex.def)             Requested size: 30.73085pt x 30.72995pt.

<Graphics/axial/crop178.jpg, id=953, 200.75pt x 200.75pt>
File: Graphics/axial/crop178.jpg Graphic file (type jpg)

<use Graphics/axial/crop178.jpg>
Package pdftex.def Info: Graphics/axial/crop178.jpg used on input line 456.
(pdftex.def)             Requested size: 30.73085pt x 30.72995pt.

<Graphics/axial/crop181.jpg, id=954, 200.75pt x 200.75pt>
File: Graphics/axial/crop181.jpg Graphic file (type jpg)

<use Graphics/axial/crop181.jpg>
Package pdftex.def Info: Graphics/axial/crop181.jpg used on input line 456.
(pdftex.def)             Requested size: 30.73085pt x 30.72995pt.

<Graphics/axial/crop183.jpg, id=955, 200.75pt x 200.75pt>
File: Graphics/axial/crop183.jpg Graphic file (type jpg)

<use Graphics/axial/crop183.jpg>
Package pdftex.def Info: Graphics/axial/crop183.jpg used on input line 456.
(pdftex.def)             Requested size: 30.73085pt x 30.72995pt.

<Graphics/axial/crop185.jpg, id=956, 200.75pt x 200.75pt>
File: Graphics/axial/crop185.jpg Graphic file (type jpg)

<use Graphics/axial/crop185.jpg>
Package pdftex.def Info: Graphics/axial/crop185.jpg used on input line 456.
(pdftex.def)             Requested size: 30.73085pt x 30.72995pt.

<Graphics/axial/crop187.jpg, id=957, 200.75pt x 200.75pt>
File: Graphics/axial/crop187.jpg Graphic file (type jpg)

<use Graphics/axial/crop187.jpg>
Package pdftex.def Info: Graphics/axial/crop187.jpg used on input line 456.
(pdftex.def)             Requested size: 30.73085pt x 30.72995pt.

Underfull \hbox (badness 10000) in alignment at lines 456--456
[][][][] 
 []

[28

 <C:/ExperimentRelated/UW/General/Graphics/axial/crop171.jpg> <C:/ExperimentRel
ated/UW/General/Graphics/axial/crop173.jpg> <C:/ExperimentRelated/UW/General/Gr
aphics/axial/crop176.jpg> <C:/ExperimentRelated/UW/General/Graphics/axial/crop1
78.jpg> <C:/ExperimentRelated/UW/General/Graphics/axial/crop181.jpg> <C:/Experi
mentRelated/UW/General/Graphics/axial/crop183.jpg> <C:/ExperimentRelated/UW/Gen
eral/Graphics/axial/crop185.jpg> <C:/ExperimentRelated/UW/General/Graphics/axia
l/crop187.jpg>]
File: Graphics/PaulTrap-micromotion.pdf Graphic file (type pdf)
 <use Graphics/PaulTrap-micromotion.pdf>
Package pdftex.def Info: Graphics/PaulTrap-micromotion.pdf used on input line 4
75.
(pdftex.def)             Requested size: 158.8748pt x 80.20277pt.

Overfull \hbox (35.96074pt too wide) in paragraph at lines 475--475
[][]  
 []

[29

] [30

] <Graphics/BaYb.jpg, id=1040, 995.72pt x 1003.75pt>
File: Graphics/BaYb.jpg Graphic file (type jpg)

<use Graphics/BaYb.jpg>
Package pdftex.def Info: Graphics/BaYb.jpg used on input line 502.
(pdftex.def)             Requested size: 110.6219pt x 111.50027pt.
 [31

 <C:/ExperimentRelated/UW/General/Graphics/BaYb.jpg>] <Graphics/energylevels-Ba
Yb.pdf, id=1069, 276.69829pt x 401.79008pt>
File: Graphics/energylevels-BaYb.pdf Graphic file (type pdf)

<use Graphics/energylevels-BaYb.pdf>
Package pdftex.def Info: Graphics/energylevels-BaYb.pdf used on input line 520.

(pdftex.def)             Requested size: 110.46202pt x 160.40204pt.
 [32

 <C:/ExperimentRelated/UW/General/Graphics/energylevels-BaYb.pdf>]
<Graphics/Chains-BaYb_normal_modes.pdf, id=1107, 240.9pt x 179.47551pt>
File: Graphics/Chains-BaYb_normal_modes.pdf Graphic file (type pdf)

<use Graphics/Chains-BaYb_normal_modes.pdf>
Package pdftex.def Info: Graphics/Chains-BaYb_normal_modes.pdf used on input li
ne 532.
(pdftex.def)             Requested size: 122.91406pt x 91.57237pt.

<Graphics/Chains-CaYb_normal_modes.pdf, id=1108, 240.9pt x 174.5712pt>
File: Graphics/Chains-CaYb_normal_modes.pdf Graphic file (type pdf)

<use Graphics/Chains-CaYb_normal_modes.pdf>
Package pdftex.def Info: Graphics/Chains-CaYb_normal_modes.pdf used on input li
ne 532.
(pdftex.def)             Requested size: 122.91406pt x 89.07008pt.
 [33

 <C:/ExperimentRelated/UW/General/Graphics/Chains-BaYb_normal_modes.pdf> <C:/Ex
perimentRelated/UW/General/Graphics/Chains-CaYb_normal_modes.pdf>]
File: Graphics/Bloch_Sphere.png Graphic file (type png)
 <use Graphics/Bloch_Sphere.png>
Package pdftex.def Info: Graphics/Bloch_Sphere.png used on input line 549.
(pdftex.def)             Requested size: 110.6219pt x 125.44263pt.
 [34

]
<Graphics/Raman-ciraczoller.pdf, id=1168, 526.54218pt x 548.90343pt>
File: Graphics/Raman-ciraczoller.pdf Graphic file (type pdf)

<use Graphics/Raman-ciraczoller.pdf>
Package pdftex.def Info: Graphics/Raman-ciraczoller.pdf used on input line 573.

(pdftex.def)             Requested size: 87.92017pt x 91.6573pt.
 [35

 <C:/ExperimentRelated/UW/General/Graphics/Raman-ciraczoller.pdf>]
File: Graphics/Raman-ciraczoller.pdf Graphic file (type pdf)
 <use Graphics/Raman-ciraczoller.pdf>
Package pdftex.def Info: Graphics/Raman-ciraczoller.pdf used on input line 602.

(pdftex.def)             Requested size: 87.92017pt x 91.6573pt.
 [36

]
<Graphics/Raman-good.pdf, id=1231, 435.22601pt x 271.83055pt>
File: Graphics/Raman-good.pdf Graphic file (type pdf)

<use Graphics/Raman-good.pdf>
Package pdftex.def Info: Graphics/Raman-good.pdf used on input line 620.
(pdftex.def)             Requested size: 146.74629pt x 91.6573pt.

<Graphics/Raman-near_resonance.pdf, id=1232, 415.954pt x 248.0487pt>
File: Graphics/Raman-near_resonance.pdf Graphic file (type pdf)

<use Graphics/Raman-near_resonance.pdf>
Package pdftex.def Info: Graphics/Raman-near_resonance.pdf used on input line 6
20.
(pdftex.def)             Requested size: 146.01767pt x 87.07689pt.

<Graphics/Raman.pdf, id=1233, 463.45648pt x 708.75018pt>
File: Graphics/Raman.pdf Graphic file (type pdf)

<use Graphics/Raman.pdf>
Package pdftex.def Info: Graphics/Raman.pdf used on input line 620.
(pdftex.def)             Requested size: 82.4073pt x 126.03143pt.
 [37

 <C:/ExperimentRelated/UW/General/Graphics/Raman-good.pdf> <C:/ExperimentRelate
d/UW/General/Graphics/Raman-near_resonance.pdf> <C:/ExperimentRelated/UW/Genera
l/Graphics/Raman.pdf>]
<Graphics/Millennia.png, id=1298, 602.25pt x 478.78876pt>
File: Graphics/Millennia.png Graphic file (type png)

<use Graphics/Millennia.png>
Package pdftex.def Info: Graphics/Millennia.png used on input line 639.
(pdftex.def)             Requested size: 110.6219pt x 87.93893pt.

<Graphics/camera/millenia.jpg, id=1299, 724.6272pt x 481.8pt>
File: Graphics/camera/millenia.jpg Graphic file (type jpg)

<use Graphics/camera/millenia.jpg>
Package pdftex.def Info: Graphics/camera/millenia.jpg used on input line 639.
(pdftex.def)             Requested size: 110.6219pt x 73.54607pt.
 [38

 <C:/ExperimentRelated/UW/General/Graphics/Millennia.png> <C:/ExperimentRelated
/UW/General/Graphics/camera/millenia.jpg>] [39

]
Underfull \hbox (badness 10000) in alignment at lines 680--680
[][][] 
 []


Underfull \hbox (badness 10000) in alignment at lines 680--680
[][][] 
 []

<Graphics/musiqc_logo.png, id=1354, 221.17113pt x 49.84138pt>
File: Graphics/musiqc_logo.png Graphic file (type png)

<use Graphics/musiqc_logo.png>
Package pdftex.def Info: Graphics/musiqc_logo.png used on input line 680.
(pdftex.def)             Requested size: 138.2795pt x 31.16293pt.

<Graphics/iarpa.jpg, id=1355, 169.6774pt x 52.28043pt>
File: Graphics/iarpa.jpg Graphic file (type jpg)

<use Graphics/iarpa.jpg>
Package pdftex.def Info: Graphics/iarpa.jpg used on input line 680.
(pdftex.def)             Requested size: 138.2795pt x 42.60696pt.
 [40

 <C:/ExperimentRelated/UW/General/Graphics/musiqc_logo.png> <C:/ExperimentRelat
ed/UW/General/Graphics/iarpa.jpg>]
\tf@nav=\write6
\tf@toc=\write7
\tf@snm=\write8
Package atveryend Info: Empty hook `BeforeClearDocument' on input line 682.
Package atveryend Info: Empty hook `AfterLastShipout' on input line 682.

(C:\ExperimentRelated\UW\General\General.aux)
Package atveryend Info: Executing hook `AtVeryEndDocument' on input line 682.
Package atveryend Info: Executing hook `AtEndAfterFileList' on input line 682.


Package rerunfilecheck Warning: File `General.out' has changed.
(rerunfilecheck)                Rerun to get outlines right
(rerunfilecheck)                or use package `bookmark'.

Package rerunfilecheck Info: Checksums for `General.out':
(rerunfilecheck)             Before: <no file>
(rerunfilecheck)             After:  C59359A32D683B5E91783FFB365CC997;903.

LaTeX Font Warning: Size substitutions with differences
(Font)              up to 3.0pt have occurred.


LaTeX Warning: Label(s) may have changed. Rerun to get cross-references right.

Package atveryend Info: Empty hook `AtVeryVeryEnd' on input line 682.
 ) 
Here is how much of TeX's memory you used:
 17155 strings out of 493921
 332996 string characters out of 3147268
 396347 words of memory out of 3000000
 19887 multiletter control sequences out of 15000+200000
 16808 words of font info for 62 fonts, out of 3000000 for 9000
 841 hyphenation exceptions out of 8191
 56i,16n,55p,405b,705s stack positions out of 5000i,500n,10000p,200000b,50000s
<C:/Program Files/MiKTeX 2.9/fonts/type1/public/amsfonts/cm/cmex10.pfb><C:/Pr
ogram Files/MiKTeX 2.9/fonts/type1/public/amsfonts/cmextra/cmex7.pfb><C:/Progra
m Files/MiKTeX 2.9/fonts/type1/public/amsfonts/cmextra/cmex8.pfb><C:/Program Fi
les/MiKTeX 2.9/fonts/type1/public/amsfonts/cm/cmmi10.pfb><C:/Program Files/MiKT
eX 2.9/fonts/type1/public/amsfonts/cm/cmmi6.pfb><C:/Program Files/MiKTeX 2.9/fo
nts/type1/public/amsfonts/cm/cmmi8.pfb><C:/Program Files/MiKTeX 2.9/fonts/type1
/public/amsfonts/cm/cmss10.pfb><C:/Program Files/MiKTeX 2.9/fonts/type1/public/
amsfonts/cm/cmss12.pfb><C:/Program Files/MiKTeX 2.9/fonts/type1/public/amsfonts
/cm/cmss8.pfb><C:/Program Files/MiKTeX 2.9/fonts/type1/public/amsfonts/cm/cmss9
.pfb><C:/Program Files/MiKTeX 2.9/fonts/type1/public/amsfonts/cm/cmssi10.pfb><C
:/Program Files/MiKTeX 2.9/fonts/type1/public/amsfonts/cm/cmssi8.pfb><C:/Progra
m Files/MiKTeX 2.9/fonts/type1/public/amsfonts/cm/cmsy10.pfb><C:/Program Files/
MiKTeX 2.9/fonts/type1/public/amsfonts/cm/cmsy5.pfb><C:/Program Files/MiKTeX 2.
9/fonts/type1/public/amsfonts/cm/cmsy8.pfb>
Output written on General.pdf (40 pages, 12715826 bytes).
PDF statistics:
 1454 PDF objects out of 1728 (max. 8388607)
 99 named destinations out of 1000 (max. 500000)
 292 words of extra memory for PDF output out of 10000 (max. 10000000)

